<?xml version="1.0" encoding="UTF-8"?>
<!-- Generated by org.testng.reporters.JUnitReportReporter -->
<testsuite skipped="0" hostname="HappuSurface" name="com.MyProject.testCases.TC_LoginTest_001" tests="1" failures="0" timestamp="14 Aug 2018 20:19:03 GMT" time="5.777" errors="0">
  <testcase name="loginTest" time="5.777" classname="com.MyProject.testCases.TC_LoginTest_001"/>
</testsuite> <!-- com.MyProject.testCases.TC_LoginTest_001 -->
