<?xml version="1.0" encoding="UTF-8"?>
<!-- Generated by org.testng.reporters.JUnitReportReporter -->
<testsuite skipped="1" hostname="HappuSurface" name="com.MyProject.testCases.TC_LoginDDT_002" tests="1" failures="0" timestamp="14 Aug 2018 20:19:03 GMT" time="0.000" errors="0">
  <testcase name="loginDDT" time="0.000" classname="com.MyProject.testCases.TC_LoginDDT_002">
    <skipped/>
  </testcase> <!-- loginDDT -->
</testsuite> <!-- com.MyProject.testCases.TC_LoginDDT_002 -->
